TN:
SF:src\app.ts
FN:27,(anonymous_14)
FNF:1
FNH:0
FNDA:0,(anonymous_14)
DA:1,4
DA:2,4
DA:3,4
DA:4,4
DA:6,4
DA:7,4
DA:8,4
DA:9,4
DA:10,4
DA:11,4
DA:13,4
DA:14,4
DA:15,4
DA:16,4
DA:22,4
DA:23,4
DA:24,4
DA:25,4
DA:27,4
DA:28,0
DA:32,4
DA:34,4
LF:22
LH:21
BRF:0
BRH:0
end_of_record
TN:
SF:src\errors\bad-request-error.ts
FN:3,(anonymous_6)
FN:5,BadRequestError
FN:9,(anonymous_8)
FNF:3
FNH:3
FNDA:4,(anonymous_6)
FNDA:3,BadRequestError
FNDA:3,(anonymous_8)
DA:1,4
DA:3,4
DA:4,3
DA:5,3
DA:6,3
DA:7,3
DA:9,4
DA:10,3
DA:12,4
LF:9
LH:9
BRDA:6,0,0,3
BRDA:6,0,1,0
BRF:2
BRH:1
end_of_record
TN:
SF:src\errors\custom-error.ts
FN:1,(anonymous_6)
FN:3,CustomError
FNF:2
FNH:2
FNDA:4,(anonymous_6)
FNDA:6,CustomError
DA:1,4
DA:3,6
DA:4,6
DA:5,6
DA:8,4
LF:5
LH:5
BRDA:4,0,0,6
BRDA:4,0,1,0
BRF:2
BRH:1
end_of_record
TN:
SF:src\errors\database-connection-error.ts
FN:2,(anonymous_6)
FN:4,DatabaseConnectionError
FN:10,(anonymous_8)
FNF:3
FNH:1
FNDA:4,(anonymous_6)
FNDA:0,DatabaseConnectionError
FNDA:0,(anonymous_8)
DA:1,4
DA:2,4
DA:3,0
DA:5,0
DA:7,0
DA:9,0
DA:10,4
DA:11,0
DA:13,4
LF:9
LH:4
BRDA:5,0,0,0
BRDA:5,0,1,0
BRF:2
BRH:0
end_of_record
TN:
SF:src\errors\index.ts
FNF:0
FNH:0
DA:1,4
DA:2,4
DA:3,4
DA:4,4
DA:5,4
LF:5
LH:5
BRF:0
BRH:0
end_of_record
TN:
SF:src\errors\not-authorized-error.ts
FN:3,(anonymous_6)
FN:4,NotAuthorizedError
FN:9,(anonymous_8)
FNF:3
FNH:1
FNDA:4,(anonymous_6)
FNDA:0,NotAuthorizedError
FNDA:0,(anonymous_8)
DA:1,4
DA:3,4
DA:5,0
DA:6,0
DA:8,0
DA:9,4
DA:10,0
DA:12,4
LF:8
LH:4
BRDA:5,0,0,0
BRDA:5,0,1,0
BRF:2
BRH:0
end_of_record
TN:
SF:src\errors\not-found-error.ts
FN:2,(anonymous_6)
FN:4,NotFoundError
FN:8,(anonymous_8)
FNF:3
FNH:1
FNDA:4,(anonymous_6)
FNDA:0,NotFoundError
FNDA:0,(anonymous_8)
DA:1,4
DA:2,4
DA:3,0
DA:5,0
DA:6,0
DA:8,4
DA:9,0
DA:11,4
LF:8
LH:4
BRDA:5,0,0,0
BRDA:5,0,1,0
BRF:2
BRH:0
end_of_record
TN:
SF:src\errors\request-validation-error.ts
FN:3,(anonymous_6)
FN:4,RequestValidationError
FN:10,(anonymous_8)
FN:11,(anonymous_9)
FNF:4
FNH:4
FNDA:4,(anonymous_6)
FNDA:3,RequestValidationError
FNDA:3,(anonymous_8)
FNDA:5,(anonymous_9)
DA:2,4
DA:3,4
DA:4,3
DA:5,3
DA:7,3
DA:9,3
DA:10,4
DA:11,3
DA:12,5
DA:14,3
DA:16,4
LF:11
LH:11
BRDA:5,0,0,3
BRDA:5,0,1,0
BRF:2
BRH:1
end_of_record
TN:
SF:src\middlewares\current-user.ts
FN:15,(anonymous_1)
FNF:1
FNH:1
FNDA:1,(anonymous_1)
DA:2,4
DA:15,4
DA:20,1
DA:21,0
DA:23,1
DA:24,1
DA:28,1
DA:30,1
LF:8
LH:7
BRDA:20,0,0,0
BRDA:20,0,1,1
BRDA:20,1,0,0
BRDA:20,1,1,1
BRDA:20,2,0,1
BRDA:20,2,1,1
BRF:6
BRH:4
end_of_record
TN:
SF:src\middlewares\error-handler.ts
FN:3,(anonymous_0)
FNF:1
FNH:1
FNDA:6,(anonymous_0)
DA:2,4
DA:3,4
DA:9,6
DA:10,6
DA:12,0
LF:5
LH:4
BRDA:9,0,0,6
BRDA:9,0,1,0
BRF:2
BRH:1
end_of_record
TN:
SF:src\middlewares\validate-request.ts
FN:4,(anonymous_0)
FNF:1
FNH:1
FNDA:14,(anonymous_0)
DA:1,4
DA:3,4
DA:4,4
DA:9,14
DA:10,14
DA:11,3
DA:13,11
LF:7
LH:7
BRDA:10,0,0,3
BRDA:10,0,1,11
BRF:2
BRH:2
end_of_record
TN:
SF:src\models\user.ts
FN:29,(anonymous_14)
FN:38,(anonymous_15)
FN:45,(anonymous_18)
FNF:3
FNH:3
FNDA:8,(anonymous_14)
FNDA:7,(anonymous_15)
FNDA:7,(anonymous_18)
DA:1,4
DA:2,4
DA:16,4
DA:30,8
DA:31,8
DA:32,8
DA:33,8
DA:38,4
DA:39,7
DA:40,7
DA:41,7
DA:43,7
DA:45,4
DA:46,7
DA:48,4
DA:50,4
LF:16
LH:16
BRDA:39,0,0,0
BRDA:39,0,1,7
BRF:2
BRH:1
end_of_record
TN:
SF:src\routes\current-user.ts
FN:10,(anonymous_1)
FNF:1
FNH:1
FNDA:1,(anonymous_1)
DA:1,4
DA:4,4
DA:6,4
DA:7,4
DA:11,1
DA:14,4
LF:6
LH:6
BRDA:11,0,0,1
BRDA:11,0,1,0
BRF:2
BRH:1
end_of_record
TN:
SF:src\routes\signin.ts
FN:17,(anonymous_14)
FN:17,(anonymous_15)
FNF:2
FNH:2
FNDA:3,(anonymous_14)
FNDA:3,(anonymous_15)
DA:1,4
DA:2,4
DA:3,4
DA:5,4
DA:6,4
DA:7,4
DA:8,4
DA:9,4
DA:10,4
DA:17,3
DA:18,3
DA:19,3
DA:20,3
DA:21,1
DA:23,2
DA:27,2
DA:28,1
DA:30,1
DA:38,1
DA:41,1
DA:45,4
LF:21
LH:21
BRDA:20,0,0,1
BRDA:20,0,1,2
BRDA:27,1,0,1
BRDA:27,1,1,1
BRF:4
BRH:4
end_of_record
TN:
SF:src\routes\signout.ts
FN:3,(anonymous_1)
FNF:1
FNH:1
FNDA:1,(anonymous_1)
DA:1,4
DA:2,4
DA:3,4
DA:4,1
DA:5,1
DA:8,4
LF:6
LH:6
BRF:0
BRH:0
end_of_record
TN:
SF:src\routes\signup.ts
FN:18,(anonymous_14)
FN:18,(anonymous_15)
FNF:2
FNH:2
FNDA:8,(anonymous_14)
FNDA:8,(anonymous_15)
DA:1,4
DA:2,4
DA:3,4
DA:4,4
DA:5,4
DA:6,4
DA:7,4
DA:8,4
DA:18,8
DA:19,8
DA:20,8
DA:21,8
DA:22,1
DA:24,7
DA:25,14
DA:28,7
DA:36,7
DA:39,7
DA:43,4
LF:19
LH:19
BRDA:21,0,0,1
BRDA:21,0,1,7
BRF:2
BRH:2
end_of_record
TN:
SF:src\services\password.ts
FN:5,(anonymous_13)
FN:6,(anonymous_15)
FN:11,(anonymous_18)
FNF:3
FNH:3
FNDA:4,(anonymous_13)
FNDA:7,(anonymous_15)
FNDA:2,(anonymous_18)
DA:1,4
DA:2,4
DA:4,4
DA:5,4
DA:6,4
DA:7,7
DA:8,7
DA:9,7
DA:11,4
DA:12,2
DA:13,2
DA:14,2
DA:16,4
LF:13
LH:13
BRF:0
BRH:0
end_of_record
